<?xml version="1.0" encoding="UTF-8" ?>
<testsuite failures="0" time="9.332" errors="2" skipped="0" tests="13" name="com.sopragroup.cco.tf.web.steps.GestdocTest">
  <properties>
    <property name="java.runtime.name" value="OpenJDK Runtime Environment"/>
    <property name="sun.boot.library.path" value="C:\Program Files (x86)\Squash-TA\openjdk1.6.0_24-win32\jre\bin"/>
    <property name="java.vm.version" value="20.0-b12"/>
    <property name="java.vm.vendor" value="Sun Microsystems Inc."/>
    <property name="java.vendor.url" value="http://java.sun.com/"/>
    <property name="path.separator" value=";"/>
    <property name="guice.disable.misplaced.annotation.check" value="true"/>
    <property name="java.vm.name" value="OpenJDK Client VM"/>
    <property name="file.encoding.pkg" value="sun.io"/>
    <property name="user.country" value="FR"/>
    <property name="sun.java.launcher" value="SUN_STANDARD"/>
    <property name="sun.os.patch.level" value="Service Pack 1"/>
    <property name="java.vm.specification.name" value="Java Virtual Machine Specification"/>
    <property name="user.dir" value="E:\projets\eclipse-workspace\src_PetStoreSop"/>
    <property name="java.runtime.version" value="1.6.0-OpenSCG-Build-24-b1"/>
    <property name="java.awt.graphicsenv" value="sun.awt.Win32GraphicsEnvironment"/>
    <property name="java.endorsed.dirs" value="C:\Program Files (x86)\Squash-TA\openjdk1.6.0_24-win32\jre\lib\endorsed"/>
    <property name="os.arch" value="x86"/>
    <property name="java.io.tmpdir" value="C:\Users\cyril\AppData\Local\Temp\"/>
    <property name="line.separator" value="
"/>
    <property name="java.vm.specification.vendor" value="Sun Microsystems Inc."/>
    <property name="user.variant" value=""/>
    <property name="os.name" value="Windows 7"/>
    <property name="classworlds.conf" value="E:\projets\eclipse-workspace\.metadata\.plugins\org.eclipse.m2e.launching\launches\m2conf8610755377910471483.tmp"/>
    <property name="sun.jnu.encoding" value="Cp1252"/>
    <property name="java.library.path" value="C:\Program Files (x86)\Squash-TA\openjdk1.6.0_24-win32\bin;.;C:\Windows\Sun\Java\bin;C:\Windows\system32;C:\Windows;C:/Program Files (x86)/Java/jre7/bin/client;C:/Program Files (x86)/Java/jre7/bin;C:/Program Files (x86)/Java/jre7/lib/i386;C:\Windows\system32;C:\Windows;C:\Windows\System32\Wbem;C:\Windows\System32\WindowsPowerShell\v1.0\;C:\Program Files (x86)\Intel\OpenCL SDK\2.0\bin\x86;C:\Program Files (x86)\Intel\OpenCL SDK\2.0\bin\x64;C:\Program Files (x86)\Arduino\java\bin;E:\projets\eclipse;"/>
    <property name="java.specification.name" value="Java Platform API Specification"/>
    <property name="java.class.version" value="50.0"/>
    <property name="sun.management.compiler" value="HotSpot Client Compiler"/>
    <property name="os.version" value="6.1"/>
    <property name="user.home" value="C:\Users\cyril"/>
    <property name="user.timezone" value="Europe/Paris"/>
    <property name="java.awt.printerjob" value="sun.awt.windows.WPrinterJob"/>
    <property name="file.encoding" value="UTF-8"/>
    <property name="java.specification.version" value="1.6"/>
    <property name="URL_HOME" value="http:\\localhost:8080"/>
    <property name="user.name" value="cyril"/>
    <property name="java.class.path" value="C:\Program Files (x86)\Squash-TA\apache-maven-3.0.4\boot\plexus-classworlds-2.4.jar"/>
    <property name="java.vm.specification.version" value="1.0"/>
    <property name="sun.arch.data.model" value="32"/>
    <property name="java.home" value="C:\Program Files (x86)\Squash-TA\openjdk1.6.0_24-win32\jre"/>
    <property name="sun.java.command" value="org.codehaus.plexus.classworlds.launcher.Launcher -DURL_HOME=http:\\localhost:8080 -Pitem-66940 -B -X -e test"/>
    <property name="java.specification.vendor" value="Sun Microsystems Inc."/>
    <property name="user.language" value="fr"/>
    <property name="awt.toolkit" value="sun.awt.windows.WToolkit"/>
    <property name="java.vm.info" value="mixed mode"/>
    <property name="java.version" value="1.6.0-OpenSCG-Build-24"/>
    <property name="java.ext.dirs" value="C:\Program Files (x86)\Squash-TA\openjdk1.6.0_24-win32\jre\lib\ext;C:\Windows\Sun\Java\lib\ext"/>
    <property name="sun.boot.class.path" value="C:\Program Files (x86)\Squash-TA\openjdk1.6.0_24-win32\jre\lib\resources.jar;C:\Program Files (x86)\Squash-TA\openjdk1.6.0_24-win32\jre\lib\rt.jar;C:\Program Files (x86)\Squash-TA\openjdk1.6.0_24-win32\jre\lib\sunrsasign.jar;C:\Program Files (x86)\Squash-TA\openjdk1.6.0_24-win32\jre\lib\jsse.jar;C:\Program Files (x86)\Squash-TA\openjdk1.6.0_24-win32\jre\lib\jce.jar;C:\Program Files (x86)\Squash-TA\openjdk1.6.0_24-win32\jre\lib\charsets.jar;C:\Program Files (x86)\Squash-TA\openjdk1.6.0_24-win32\jre\lib\modules\jdk.boot.jar;C:\Program Files (x86)\Squash-TA\openjdk1.6.0_24-win32\jre\classes"/>
    <property name="java.vendor" value="Sun Microsystems Inc."/>
    <property name="maven.home" value="C:\Program Files (x86)\Squash-TA\apache-maven-3.0.4"/>
    <property name="file.separator" value="\"/>
    <property name="java.vendor.url.bug" value="http://java.sun.com/cgi-bin/bugreport.cgi"/>
    <property name="maven.bootclasspath" value="C:\Program Files (x86)\Squash-TA\apache-maven-3.0.4\boot\plexus-classworlds-2.4.jar"/>
    <property name="sun.cpu.endian" value="little"/>
    <property name="sun.io.unicode.encoding" value="UnicodeLittle"/>
    <property name="sun.desktop" value="windows"/>
    <property name="sun.cpu.isalist" value="pentium_pro+mmx pentium_pro pentium+mmx pentium i486 i386 i86"/>
  </properties>
  <testcase time="0" classname="Scenario: accueil url en dur" name="Given Sur la page \&apos;Accueil\&apos; URL \&apos;http:\/\/localhost:8080\&apos;"/>
  <testcase time="0" classname="Scenario: accueil url en dur" name="When ACCU01 Cliquer sur le bouton \&apos;Continuer\&apos;"/>
  <testcase time="0" classname="Scenario: accueil url en dur" name="Then La page \&apos;Menu Principale MP001\&apos; s\&apos;affiche"/>
  <testcase time="0.219" classname="Scenario: accueil url en dur" name="Scenario: accueil url en dur"/>
  <testcase time="0" classname="Scenario: accueil avec url en variable d\&apos;environnement" name="Given Sur la page \&apos;Accueil\&apos; URL \&apos;ENV:URL_HOME\&apos;"/>
  <testcase time="0" classname="Scenario: accueil avec url en variable d\&apos;environnement" name="When ACCU01 Cliquer sur le bouton \&apos;Continuer\&apos;"/>
  <testcase time="0" classname="Scenario: accueil avec url en variable d\&apos;environnement" name="Then La page \&apos;Menu Principale MP001\&apos; s\&apos;affiche"/>
  <testcase time="0.187" classname="Scenario: accueil avec url en variable d\&apos;environnement" name="Scenario: accueil avec url en variable d\&apos;environnement"/>
  <testcase time="0" classname="Scenario: Commander un Koi" name="Given Sur la page \&apos;Accueil\&apos; URL \&apos;ENV:URL_HOME\&apos;"/>
  <testcase time="0" classname="Scenario: Commander un Koi" name="When ACCU01 Cliquer sur le bouton \&apos;Continuer\&apos;"/>
  <testcase time="0" classname="Scenario: Commander un Koi" name="Then La page \&apos;Menu Principale MP001\&apos; s\&apos;affiche"/>
  <testcase time="0" classname="Scenario: Commander un Koi" name="Then PRIN01 Acceder au catalogue \&apos;Poisson\&apos;">
    <error message="Unresolved compilation problem: 
	The type PagePrincipaleSel must implement the inherited abstract method PagePrincipaleInterf.BtImage(String)
" type="java.lang.Error">java.lang.Error: Unresolved compilation problem: 
	The type PagePrincipaleSel must implement the inherited abstract method PagePrincipaleInterf.BtImage(String)

	at com.sopragroup.cco.tf.web.pages.PagePrincipaleSel.BtImage(PagePrincipaleSel.java:12)
	at com.sopragroup.cco.tf.web.steps.PagePrincipalStep.accescatalogue(PagePrincipalStep.java:44)
	at ✽.Then PRIN01 Acceder au catalogue &apos;Poisson&apos;(com\sopragroup\cco\tf\web\steps\login\AccueilMinimum.feature:19)
</error>
  </testcase>
  <testcase time="0" classname="Scenario: Commander un Koi" name="Scenario: Commander un Koi">
    <error message="Unresolved compilation problem: 
	The type PagePrincipaleSel must implement the inherited abstract method PagePrincipaleInterf.BtImage(String)
" type="java.lang.Error">java.lang.Error: Unresolved compilation problem: 
	The type PagePrincipaleSel must implement the inherited abstract method PagePrincipaleInterf.BtImage(String)

	at com.sopragroup.cco.tf.web.pages.PagePrincipaleSel.BtImage(PagePrincipaleSel.java:12)
	at com.sopragroup.cco.tf.web.steps.PagePrincipalStep.accescatalogue(PagePrincipalStep.java:44)
	at ✽.Then PRIN01 Acceder au catalogue &apos;Poisson&apos;(com\sopragroup\cco\tf\web\steps\login\AccueilMinimum.feature:19)
</error>
  </testcase>
</testsuite>